Error: bind EADDRINUSE null:3000
    at listenOnMasterHandle (net.js:1420:16)
    at shared (internal/cluster/child.js:115:3)
    at Worker.send (internal/cluster/child.js:86:7)
    at process.onInternalMessage (internal/cluster/utils.js:42:8)
    at emitTwo (events.js:131:20)
    at process.emit (events.js:214:7)
    at emit (internal/child_process.js:762:12)
    at args.(anonymous function) (C:\Users\02\AppData\Roaming\npm\node_modules\pm2\node_modules\event-loop-inspector\index.js:138:29)
    at _combinedTickCallback (internal/process/next_tick.js:142:11)
    at process._tickCallback (internal/process/next_tick.js:181:9)
Error: bind EADDRINUSE null:3000
    at listenOnMasterHandle (net.js:1420:16)
    at shared (internal/cluster/child.js:115:3)
    at Worker.send (internal/cluster/child.js:86:7)
    at process.onInternalMessage (internal/cluster/utils.js:42:8)
    at emitTwo (events.js:131:20)
    at process.emit (events.js:214:7)
    at emit (internal/child_process.js:762:12)
    at args.(anonymous function) (C:\Users\02\AppData\Roaming\npm\node_modules\pm2\node_modules\event-loop-inspector\index.js:138:29)
    at _combinedTickCallback (internal/process/next_tick.js:142:11)
    at process._tickCallback (internal/process/next_tick.js:181:9)
Error: bind EADDRINUSE null:3000
    at listenOnMasterHandle (net.js:1420:16)
    at shared (internal/cluster/child.js:115:3)
    at Worker.send (internal/cluster/child.js:86:7)
    at process.onInternalMessage (internal/cluster/utils.js:42:8)
    at emitTwo (events.js:131:20)
    at process.emit (events.js:214:7)
    at emit (internal/child_process.js:762:12)
    at args.(anonymous function) (C:\Users\02\AppData\Roaming\npm\node_modules\pm2\node_modules\event-loop-inspector\index.js:138:29)
    at _combinedTickCallback (internal/process/next_tick.js:142:11)
    at process._tickCallback (internal/process/next_tick.js:181:9)
Error: bind EADDRINUSE null:3000
    at listenOnMasterHandle (net.js:1420:16)
    at shared (internal/cluster/child.js:115:3)
    at Worker.send (internal/cluster/child.js:86:7)
    at process.onInternalMessage (internal/cluster/utils.js:42:8)
    at emitTwo (events.js:131:20)
    at process.emit (events.js:214:7)
    at emit (internal/child_process.js:762:12)
    at args.(anonymous function) (C:\Users\02\AppData\Roaming\npm\node_modules\pm2\node_modules\event-loop-inspector\index.js:138:29)
    at _combinedTickCallback (internal/process/next_tick.js:142:11)
    at process._tickCallback (internal/process/next_tick.js:181:9)
Error: bind EADDRINUSE null:3000
    at listenOnMasterHandle (net.js:1420:16)
    at shared (internal/cluster/child.js:115:3)
    at Worker.send (internal/cluster/child.js:86:7)
    at process.onInternalMessage (internal/cluster/utils.js:42:8)
    at emitTwo (events.js:131:20)
    at process.emit (events.js:214:7)
    at emit (internal/child_process.js:762:12)
    at args.(anonymous function) (C:\Users\02\AppData\Roaming\npm\node_modules\pm2\node_modules\event-loop-inspector\index.js:138:29)
    at _combinedTickCallback (internal/process/next_tick.js:142:11)
    at process._tickCallback (internal/process/next_tick.js:181:9)
Error: bind EADDRINUSE null:3000
    at listenOnMasterHandle (net.js:1420:16)
    at shared (internal/cluster/child.js:115:3)
    at Worker.send (internal/cluster/child.js:86:7)
    at process.onInternalMessage (internal/cluster/utils.js:42:8)
    at emitTwo (events.js:131:20)
    at process.emit (events.js:214:7)
    at emit (internal/child_process.js:762:12)
    at args.(anonymous function) (C:\Users\02\AppData\Roaming\npm\node_modules\pm2\node_modules\event-loop-inspector\index.js:138:29)
    at _combinedTickCallback (internal/process/next_tick.js:142:11)
    at process._tickCallback (internal/process/next_tick.js:181:9)
Error: bind EADDRINUSE null:3000
    at listenOnMasterHandle (net.js:1420:16)
    at shared (internal/cluster/child.js:115:3)
    at Worker.send (internal/cluster/child.js:86:7)
    at process.onInternalMessage (internal/cluster/utils.js:42:8)
    at emitTwo (events.js:131:20)
    at process.emit (events.js:214:7)
    at emit (internal/child_process.js:762:12)
    at args.(anonymous function) (C:\Users\02\AppData\Roaming\npm\node_modules\pm2\node_modules\event-loop-inspector\index.js:138:29)
    at _combinedTickCallback (internal/process/next_tick.js:142:11)
    at process._tickCallback (internal/process/next_tick.js:181:9)
Error: bind EADDRINUSE null:3000
    at listenOnMasterHandle (net.js:1420:16)
    at shared (internal/cluster/child.js:115:3)
    at Worker.send (internal/cluster/child.js:86:7)
    at process.onInternalMessage (internal/cluster/utils.js:42:8)
    at emitTwo (events.js:131:20)
    at process.emit (events.js:214:7)
    at emit (internal/child_process.js:762:12)
    at args.(anonymous function) (C:\Users\02\AppData\Roaming\npm\node_modules\pm2\node_modules\event-loop-inspector\index.js:138:29)
    at _combinedTickCallback (internal/process/next_tick.js:142:11)
    at process._tickCallback (internal/process/next_tick.js:181:9)
Error: bind EADDRINUSE null:3000
    at listenOnMasterHandle (net.js:1420:16)
    at shared (internal/cluster/child.js:115:3)
    at Worker.send (internal/cluster/child.js:86:7)
    at process.onInternalMessage (internal/cluster/utils.js:42:8)
    at emitTwo (events.js:131:20)
    at process.emit (events.js:214:7)
    at emit (internal/child_process.js:762:12)
    at args.(anonymous function) (C:\Users\02\AppData\Roaming\npm\node_modules\pm2\node_modules\event-loop-inspector\index.js:138:29)
    at _combinedTickCallback (internal/process/next_tick.js:142:11)
    at process._tickCallback (internal/process/next_tick.js:181:9)
Error: bind EADDRINUSE null:3000
    at listenOnMasterHandle (net.js:1420:16)
    at shared (internal/cluster/child.js:115:3)
    at Worker.send (internal/cluster/child.js:86:7)
    at process.onInternalMessage (internal/cluster/utils.js:42:8)
    at emitTwo (events.js:131:20)
    at process.emit (events.js:214:7)
    at emit (internal/child_process.js:762:12)
    at args.(anonymous function) (C:\Users\02\AppData\Roaming\npm\node_modules\pm2\node_modules\event-loop-inspector\index.js:138:29)
    at _combinedTickCallback (internal/process/next_tick.js:142:11)
    at process._tickCallback (internal/process/next_tick.js:181:9)
Error: bind EADDRINUSE null:3000
    at listenOnMasterHandle (net.js:1420:16)
    at shared (internal/cluster/child.js:115:3)
    at Worker.send (internal/cluster/child.js:86:7)
    at process.onInternalMessage (internal/cluster/utils.js:42:8)
    at emitTwo (events.js:131:20)
    at process.emit (events.js:214:7)
    at emit (internal/child_process.js:762:12)
    at args.(anonymous function) (C:\Users\02\AppData\Roaming\npm\node_modules\pm2\node_modules\event-loop-inspector\index.js:138:29)
    at _combinedTickCallback (internal/process/next_tick.js:142:11)
    at process._tickCallback (internal/process/next_tick.js:181:9)
Error: bind EADDRINUSE null:3000
    at listenOnMasterHandle (net.js:1420:16)
    at shared (internal/cluster/child.js:115:3)
    at Worker.send (internal/cluster/child.js:86:7)
    at process.onInternalMessage (internal/cluster/utils.js:42:8)
    at emitTwo (events.js:131:20)
    at process.emit (events.js:214:7)
    at emit (internal/child_process.js:762:12)
    at args.(anonymous function) (C:\Users\02\AppData\Roaming\npm\node_modules\pm2\node_modules\event-loop-inspector\index.js:138:29)
    at _combinedTickCallback (internal/process/next_tick.js:142:11)
    at process._tickCallback (internal/process/next_tick.js:181:9)
Error: bind EADDRINUSE null:3000
    at listenOnMasterHandle (net.js:1420:16)
    at shared (internal/cluster/child.js:115:3)
    at Worker.send (internal/cluster/child.js:86:7)
    at process.onInternalMessage (internal/cluster/utils.js:42:8)
    at emitTwo (events.js:131:20)
    at process.emit (events.js:214:7)
    at emit (internal/child_process.js:762:12)
    at args.(anonymous function) (C:\Users\02\AppData\Roaming\npm\node_modules\pm2\node_modules\event-loop-inspector\index.js:138:29)
    at _combinedTickCallback (internal/process/next_tick.js:142:11)
    at process._tickCallback (internal/process/next_tick.js:181:9)
TypeError: Cannot read property 'count(*)' of undefined
    at G:\node\app\routes\about.js:84:39
    at Query.<anonymous> (G:\node\app\query\index.js:14:13)
    at Query.<anonymous> (G:\node\app\node_modules\mysql\lib\Connection.js:502:10)
    at Query._callback (G:\node\app\node_modules\mysql\lib\Connection.js:468:16)
    at Query.Sequence.end (G:\node\app\node_modules\mysql\lib\protocol\sequences\Sequence.js:83:24)
    at Query._handleFinalResultPacket (G:\node\app\node_modules\mysql\lib\protocol\sequences\Query.js:139:8)
    at Query.EofPacket (G:\node\app\node_modules\mysql\lib\protocol\sequences\Query.js:123:8)
    at Protocol._parsePacket (G:\node\app\node_modules\mysql\lib\protocol\Protocol.js:278:23)
    at Parser.write (G:\node\app\node_modules\mysql\lib\protocol\Parser.js:76:12)
    at Protocol.write (G:\node\app\node_modules\mysql\lib\protocol\Protocol.js:38:16)
